dest=s3://tomato-alphaearth-054037103012-data/google-alphaearth-tomato-farms/experiments/20260402T230522Z/
returncode=0
stdout:
Completed 1.4 KiB/59.5 MiB (34.4 KiB/s) with 20 file(s) remaining
upload: outputs/experiments/20260402T230522Z/artifacts_index.json to s3://tomato-alphaearth-054037103012-data/google-alphaearth-tomato-farms/experiments/20260402T230522Z/artifacts_index.json
Completed 1.4 KiB/59.5 MiB (34.4 KiB/s) with 19 file(s) remaining
Completed 10.0 KiB/59.5 MiB (149.5 KiB/s) with 19 file(s) remaining
upload: outputs/experiments/20260402T230522Z/metrics_epoch.csv to s3://tomato-alphaearth-054037103012-data/google-alphaearth-tomato-farms/experiments/20260402T230522Z/metrics_epoch.csv
Completed 10.0 KiB/59.5 MiB (149.5 KiB/s) with 18 file(s) remaining
Completed 10.2 KiB/59.5 MiB (103.8 KiB/s) with 18 file(s) remaining
upload: outputs/experiments/20260402T230522Z/metrics_test.json to s3://tomato-alphaearth-054037103012-data/google-alphaearth-tomato-farms/experiments/20260402T230522Z/metrics_test.json
Completed 10.2 KiB/59.5 MiB (103.8 KiB/s) with 17 file(s) remaining
Completed 10.8 KiB/59.5 MiB (103.7 KiB/s) with 17 file(s) remaining
upload: outputs/experiments/20260402T230522Z/config_resolved.json to s3://tomato-alphaearth-054037103012-data/google-alphaearth-tomato-farms/experiments/20260402T230522Z/config_resolved.json
Completed 10.8 KiB/59.5 MiB (103.7 KiB/s) with 16 file(s) remaining
Completed 1.0 MiB/59.5 MiB (8.4 MiB/s) with 16 file(s) remaining   
Completed 2.0 MiB/59.5 MiB (16.0 MiB/s) with 16 file(s) remaining  
Completed 3.0 MiB/59.5 MiB (23.3 MiB/s) with 16 file(s) remaining  
Completed 3.0 MiB/59.5 MiB (23.0 MiB/s) with 16 file(s) remaining  
upload: outputs/experiments/20260402T230522Z/confusion_val_last.json to s3://tomato-alphaearth-054037103012-data/google-alphaearth-tomato-farms/experiments/20260402T230522Z/confusion_val_last.json
Completed 3.0 MiB/59.5 MiB (23.0 MiB/s) with 15 file(s) remaining
Completed 3.0 MiB/59.5 MiB (22.6 MiB/s) with 15 file(s) remaining
Completed 3.0 MiB/59.5 MiB (22.4 MiB/s) with 15 file(s) remaining
Completed 3.0 MiB/59.5 MiB (22.4 MiB/s) with 15 file(s) remaining
upload: outputs/experiments/20260402T230522Z/confusion_test.json to s3://tomato-alphaearth-054037103012-data/google-alphaearth-tomato-farms/experiments/20260402T230522Z/confusion_test.json
Completed 3.0 MiB/59.5 MiB (22.4 MiB/s) with 14 file(s) remaining
upload: outputs/experiments/20260402T230522Z/confusion_train_last.json to s3://tomato-alphaearth-054037103012-data/google-alphaearth-tomato-farms/experiments/20260402T230522Z/confusion_train_last.json
Completed 3.0 MiB/59.5 MiB (22.4 MiB/s) with 13 file(s) remaining
upload: outputs/experiments/20260402T230522Z/metrics_test_summary.csv to s3://tomato-alphaearth-054037103012-data/google-alphaearth-tomato-farms/experiments/20260402T230522Z/metrics_test_summary.csv
Completed 3.0 MiB/59.5 MiB (22.4 MiB/s) with 12 file(s) remaining
Completed 4.0 MiB/59.5 MiB (28.3 MiB/s) with 12 file(s) remaining
Completed 5.0 MiB/59.5 MiB (35.2 MiB/s) with 12 file(s) remaining
Completed 5.0 MiB/59.5 MiB (34.7 MiB/s) with 12 file(s) remaining
upload: outputs/experiments/20260402T230522Z/resume_20260403T162944Z.json to s3://tomato-alphaearth-054037103012-data/google-alphaearth-tomato-farms/experiments/20260402T230522Z/resume_20260403T162944Z.json
Completed 5.0 MiB/59.5 MiB (34.7 MiB/s) with 11 file(s) remaining
Completed 6.0 MiB/59.5 MiB (40.2 MiB/s) with 11 file(s) remaining
Completed 7.0 MiB/59.5 MiB (46.8 MiB/s) with 11 file(s) remaining
Completed 8.0 MiB/59.5 MiB (52.4 MiB/s) with 11 file(s) remaining
Completed 9.0 MiB/59.5 MiB (58.7 MiB/s) with 11 file(s) remaining
Completed 10.0 MiB/59.5 MiB (63.9 MiB/s) with 11 file(s) remaining
Completed 11.0 MiB/59.5 MiB (69.9 MiB/s) with 11 file(s) remaining
Completed 12.0 MiB/59.5 MiB (75.9 MiB/s) with 11 file(s) remaining
Completed 12.0 MiB/59.5 MiB (74.9 MiB/s) with 11 file(s) remaining
upload: outputs/experiments/20260402T230522Z/resume_20260403T192226Z.json to s3://tomato-alphaearth-054037103012-data/google-alphaearth-tomato-farms/experiments/20260402T230522Z/resume_20260403T192226Z.json
Completed 12.0 MiB/59.5 MiB (74.9 MiB/s) with 10 file(s) remaining
Completed 13.0 MiB/59.5 MiB (78.8 MiB/s) with 10 file(s) remaining
Completed 14.0 MiB/59.5 MiB (84.7 MiB/s) with 10 file(s) remaining
Completed 15.0 MiB/59.5 MiB (90.6 MiB/s) with 10 file(s) remaining
Completed 16.0 MiB/59.5 MiB (96.6 MiB/s) with 10 file(s) remaining
Completed 16.0 MiB/59.5 MiB (95.5 MiB/s) with 10 file(s) remaining
upload: outputs/experiments/20260402T230522Z/resume_20260403T212659Z.json to s3://tomato-alphaearth-054037103012-data/google-alphaearth-tomato-farms/experiments/20260402T230522Z/resume_20260403T212659Z.json
Completed 16.0 MiB/59.5 MiB (95.5 MiB/s) with 9 file(s) remaining
Completed 16.0 MiB/59.5 MiB (94.1 MiB/s) with 9 file(s) remaining
upload: outputs/experiments/20260402T230522Z/resume_20260403T210412Z.json to s3://tomato-alphaearth-054037103012-data/google-alphaearth-tomato-farms/experiments/20260402T230522Z/resume_20260403T210412Z.json
Completed 16.0 MiB/59.5 MiB (94.1 MiB/s) with 8 file(s) remaining
Completed 16.0 MiB/59.5 MiB (92.8 MiB/s) with 8 file(s) remaining
upload: outputs/experiments/20260402T230522Z/resume_20260403T193247Z.json to s3://tomato-alphaearth-054037103012-data/google-alphaearth-tomato-farms/experiments/20260402T230522Z/resume_20260403T193247Z.json
Completed 16.0 MiB/59.5 MiB (92.8 MiB/s) with 7 file(s) remaining
Completed 16.0 MiB/59.5 MiB (91.6 MiB/s) with 7 file(s) remaining
upload: outputs/experiments/20260402T230522Z/resume_20260403T220852Z.json to s3://tomato-alphaearth-054037103012-data/google-alphaearth-tomato-farms/experiments/20260402T230522Z/resume_20260403T220852Z.json
Completed 16.0 MiB/59.5 MiB (91.6 MiB/s) with 6 file(s) remaining
Completed 16.0 MiB/59.5 MiB (90.3 MiB/s) with 6 file(s) remaining
upload: outputs/experiments/20260402T230522Z/experiment_complete.json to s3://tomato-alphaearth-054037103012-data/google-alphaearth-tomato-farms/experiments/20260402T230522Z/experiment_complete.json
Completed 16.0 MiB/59.5 MiB (90.3 MiB/s) with 5 file(s) remaining
Completed 17.0 MiB/59.5 MiB (93.0 MiB/s) with 5 file(s) remaining
Completed 18.0 MiB/59.5 MiB (98.4 MiB/s) with 5 file(s) remaining
Completed 19.0 MiB/59.5 MiB (103.8 MiB/s) with 5 file(s) remaining
Completed 20.0 MiB/59.5 MiB (107.6 MiB/s) with 5 file(s) remaining
Completed 21.0 MiB/59.5 MiB (112.3 MiB/s) with 5 file(s) remaining
Completed 22.0 MiB/59.5 MiB (117.1 MiB/s) with 5 file(s) remaining
Completed 23.0 MiB/59.5 MiB (121.7 MiB/s) with 5 file(s) remaining
Completed 24.0 MiB/59.5 MiB (125.6 MiB/s) with 5 file(s) remaining
Completed 25.0 MiB/59.5 MiB (129.6 MiB/s) with 5 file(s) remaining
Completed 26.0 MiB/59.5 MiB (134.5 MiB/s) with 5 file(s) remaining
Completed 27.0 MiB/59.5 MiB (135.5 MiB/s) with 5 file(s) remaining
Completed 27.0 MiB/59.5 MiB (134.3 MiB/s) with 5 file(s) remaining
upload: outputs/experiments/20260402T230522Z/resume_20260403T221810Z.json to s3://tomato-alphaearth-054037103012-data/google-alphaearth-tomato-farms/experiments/20260402T230522Z/resume_20260403T221810Z.json
Completed 27.0 MiB/59.5 MiB (134.3 MiB/s) with 4 file(s) remaining
Completed 28.0 MiB/59.5 MiB (138.5 MiB/s) with 4 file(s) remaining
Completed 29.0 MiB/59.5 MiB (143.4 MiB/s) with 4 file(s) remaining
Completed 30.0 MiB/59.5 MiB (146.9 MiB/s) with 4 file(s) remaining
Completed 31.0 MiB/59.5 MiB (151.4 MiB/s) with 4 file(s) remaining
Completed 32.0 MiB/59.5 MiB (153.8 MiB/s) with 4 file(s) remaining
Completed 33.0 MiB/59.5 MiB (158.1 MiB/s) with 4 file(s) remaining
Completed 34.0 MiB/59.5 MiB (161.1 MiB/s) with 4 file(s) remaining
Completed 35.0 MiB/59.5 MiB (163.7 MiB/s) with 4 file(s) remaining
Completed 36.0 MiB/59.5 MiB (167.7 MiB/s) with 4 file(s) remaining
Completed 37.0 MiB/59.5 MiB (171.0 MiB/s) with 4 file(s) remaining
Completed 38.0 MiB/59.5 MiB (171.9 MiB/s) with 4 file(s) remaining
Completed 39.0 MiB/59.5 MiB (175.7 MiB/s) with 4 file(s) remaining
Completed 40.0 MiB/59.5 MiB (179.0 MiB/s) with 4 file(s) remaining
Completed 41.0 MiB/59.5 MiB (183.4 MiB/s) with 4 file(s) remaining
Completed 42.0 MiB/59.5 MiB (185.7 MiB/s) with 4 file(s) remaining
Completed 43.0 MiB/59.5 MiB (187.8 MiB/s) with 4 file(s) remaining
Completed 44.0 MiB/59.5 MiB (191.2 MiB/s) with 4 file(s) remaining
Completed 45.0 MiB/59.5 MiB (194.6 MiB/s) with 4 file(s) remaining
Completed 46.0 MiB/59.5 MiB (198.4 MiB/s) with 4 file(s) remaining
Completed 46.7 MiB/59.5 MiB (198.0 MiB/s) with 4 file(s) remaining
Completed 47.7 MiB/59.5 MiB (201.8 MiB/s) with 4 file(s) remaining
Completed 48.7 MiB/59.5 MiB (205.8 MiB/s) with 4 file(s) remaining
Completed 49.7 MiB/59.5 MiB (209.7 MiB/s) with 4 file(s) remaining
Completed 50.7 MiB/59.5 MiB (211.3 MiB/s) with 4 file(s) remaining
Completed 51.7 MiB/59.5 MiB (215.0 MiB/s) with 4 file(s) remaining
Completed 52.7 MiB/59.5 MiB (218.4 MiB/s) with 4 file(s) remaining
Completed 53.5 MiB/59.5 MiB (219.0 MiB/s) with 4 file(s) remaining
Completed 54.5 MiB/59.5 MiB (222.8 MiB/s) with 4 file(s) remaining
Completed 55.5 MiB/59.5 MiB (226.5 MiB/s) with 4 file(s) remaining
Completed 56.5 MiB/59.5 MiB (228.4 MiB/s) with 4 file(s) remaining
Completed 57.5 MiB/59.5 MiB (231.1 MiB/s) with 4 file(s) remaining
Completed 58.5 MiB/59.5 MiB (233.3 MiB/s) with 4 file(s) remaining
Completed 59.5 MiB/59.5 MiB (235.9 MiB/s) with 4 file(s) remaining
Completed 59.5 MiB/59.5 MiB (234.7 MiB/s) with 4 file(s) remaining
upload: outputs/experiments/20260402T230522Z/resume_20260403T201913Z.json to s3://tomato-alphaearth-054037103012-data/google-alphaearth-tomato-farms/experiments/20260402T230522Z/resume_20260403T201913Z.json
Completed 59.5 MiB/59.5 MiB (234.7 MiB/s) with 3 file(s) remaining
Completed 59.5 MiB/59.5 MiB (201.5 MiB/s) with 3 file(s) remaining
upload: outputs/experiments/20260402T230522Z/resume_20260403T202951Z.json to s3://tomato-alphaearth-054037103012-data/google-alphaearth-tomato-farms/experiments/20260402T230522Z/resume_20260403T202951Z.json
Completed 59.5 MiB/59.5 MiB (201.5 MiB/s) with 2 file(s) remaining
upload: outputs/experiments/20260402T230522Z/last.pt to s3://tomato-alphaearth-054037103012-data/google-alphaearth-tomato-farms/experiments/20260402T230522Z/last.pt
Completed 59.5 MiB/59.5 MiB (201.5 MiB/s) with 1 file(s) remaining
upload: outputs/experiments/20260402T230522Z/best.pt to s3://tomato-alphaearth-054037103012-data/google-alphaearth-tomato-farms/experiments/20260402T230522Z/best.pt

stderr:
